000000 TIMR this is me 0
000004 TIMR this is me 1
000008 TIMR this is me 2
Test (2A): initial election ...
--- FAIL: TestInitialElection2A (4.99s)
    config.go:400: expected one leader, got none
049882 TIMR this is me 0
049886 TIMR this is me 1
049889 TIMR this is me 2
Test (2A): election after network failure ...
--- FAIL: TestReElection2A (5.12s)
    config.go:400: expected one leader, got none
101046 TIMR this is me 0
101050 TIMR this is me 1
101053 TIMR this is me 2
101057 TIMR this is me 3
101060 TIMR this is me 4
101065 TIMR this is me 5
101068 TIMR this is me 6
Test (2A): multiple elections ...
--- FAIL: TestManyElections2A (7.36s)
    config.go:400: expected one leader, got none
FAIL
exit status 1
FAIL	6.824/raft	17.609s
